{"C:\\dev\\ricky\\code\\rik-react-boilerplate\\src\\config\\api.js": {"path":"C:\\dev\\ricky\\code\\rik-react-boilerplate\\src\\config\\api.js","statementMap":{"0":{"start":{"line":4,"column":20},"end":{"line":4,"column":44}}},"fnMap":{},"branchMap":{},"s":{"0":1},"f":{},"b":{},"_coverageSchema":"1a1c01bbd47fc00a2c39e90264f33305004495a9","hash":"54e28ac04118c31b0352a0bf67bb2cf4c36911e1"}
,"C:\\dev\\ricky\\code\\rik-react-boilerplate\\src\\providers\\ErrorBoundary\\ErrorBoundaryFallback.js": {"path":"C:\\dev\\ricky\\code\\rik-react-boilerplate\\src\\providers\\ErrorBoundary\\ErrorBoundaryFallback.js","statementMap":{"0":{"start":{"line":14,"column":22},"end":{"line":33,"column":1}},"1":{"start":{"line":15,"column":2},"end":{"line":15,"column":57}},"2":{"start":{"line":17,"column":18},"end":{"line":17,"column":47}},"3":{"start":{"line":19,"column":20},"end":{"line":19,"column":57}},"4":{"start":{"line":21,"column":2},"end":{"line":32,"column":4}},"5":{"start":{"line":35,"column":0},"end":{"line":35,"column":49}},"6":{"start":{"line":36,"column":0},"end":{"line":36,"column":43}}},"fnMap":{"0":{"name":"(anonymous_0)","decl":{"start":{"line":14,"column":22},"end":{"line":14,"column":23}},"loc":{"start":{"line":14,"column":49},"end":{"line":33,"column":1}},"line":14}},"branchMap":{"0":{"loc":{"start":{"line":19,"column":20},"end":{"line":19,"column":57}},"type":"cond-expr","locations":[{"start":{"line":19,"column":36},"end":{"line":19,"column":49}},{"start":{"line":19,"column":52},"end":{"line":19,"column":57}}],"line":19}},"s":{"0":1,"1":3,"2":3,"3":3,"4":3,"5":1,"6":1},"f":{"0":3},"b":{"0":[2,1]},"_coverageSchema":"1a1c01bbd47fc00a2c39e90264f33305004495a9","hash":"3a3863dbfbfe66b2e4e7cce861b9dfe602fb5eb4"}
,"C:\\dev\\ricky\\code\\rik-react-boilerplate\\src\\providers\\ErrorBoundary\\ErrorBoundaryFallback.shape.js": {"path":"C:\\dev\\ricky\\code\\rik-react-boilerplate\\src\\providers\\ErrorBoundary\\ErrorBoundaryFallback.shape.js","statementMap":{"0":{"start":{"line":5,"column":28},"end":{"line":8,"column":1}},"1":{"start":{"line":10,"column":25},"end":{"line":19,"column":1}}},"fnMap":{},"branchMap":{},"s":{"0":1,"1":1},"f":{},"b":{},"_coverageSchema":"1a1c01bbd47fc00a2c39e90264f33305004495a9","hash":"21871bca1fb9e37ff7f9c662f1dd3125cc3abd8a"}
,"C:\\dev\\ricky\\code\\rik-react-boilerplate\\src\\providers\\Suspense\\SuspenseFallback.js": {"path":"C:\\dev\\ricky\\code\\rik-react-boilerplate\\src\\providers\\Suspense\\SuspenseFallback.js","statementMap":{"0":{"start":{"line":8,"column":25},"end":{"line":8,"column":97}},"1":{"start":{"line":8,"column":31},"end":{"line":8,"column":97}}},"fnMap":{"0":{"name":"(anonymous_0)","decl":{"start":{"line":8,"column":25},"end":{"line":8,"column":26}},"loc":{"start":{"line":8,"column":31},"end":{"line":8,"column":97}},"line":8}},"branchMap":{},"s":{"0":1,"1":2},"f":{"0":2},"b":{},"_coverageSchema":"1a1c01bbd47fc00a2c39e90264f33305004495a9","hash":"253a67de5d6c89a7d5bc2d5027116501aa085ea8"}
,"C:\\dev\\ricky\\code\\rik-react-boilerplate\\src\\utils\\router.js": {"path":"C:\\dev\\ricky\\code\\rik-react-boilerplate\\src\\utils\\router.js","statementMap":{"0":{"start":{"line":7,"column":26},"end":{"line":7,"column":61}},"1":{"start":{"line":7,"column":33},"end":{"line":7,"column":60}},"2":{"start":{"line":16,"column":30},"end":{"line":24,"column":10}},"3":{"start":{"line":17,"column":2},"end":{"line":24,"column":10}},"4":{"start":{"line":21,"column":29},"end":{"line":21,"column":44}},"5":{"start":{"line":22,"column":6},"end":{"line":22,"column":26}},"6":{"start":{"line":23,"column":6},"end":{"line":23,"column":18}}},"fnMap":{"0":{"name":"(anonymous_0)","decl":{"start":{"line":7,"column":26},"end":{"line":7,"column":27}},"loc":{"start":{"line":7,"column":33},"end":{"line":7,"column":60}},"line":7},"1":{"name":"(anonymous_1)","decl":{"start":{"line":16,"column":30},"end":{"line":16,"column":31}},"loc":{"start":{"line":17,"column":2},"end":{"line":24,"column":10}},"line":17},"2":{"name":"(anonymous_2)","decl":{"start":{"line":20,"column":12},"end":{"line":20,"column":13}},"loc":{"start":{"line":20,"column":28},"end":{"line":24,"column":5}},"line":20}},"branchMap":{},"s":{"0":1,"1":0,"2":1,"3":0,"4":0,"5":0,"6":0},"f":{"0":0,"1":0,"2":0},"b":{},"_coverageSchema":"1a1c01bbd47fc00a2c39e90264f33305004495a9","hash":"60c28c4d2c55a2e1ea909a7033828eea5542b7a6"}
}
