{"C:\\DEV\\clientconnect\\2022\\rik-react-boilerplate\\src\\api\\v1\\environment.js": {"path":"C:\\DEV\\clientconnect\\2022\\rik-react-boilerplate\\src\\api\\v1\\environment.js","statementMap":{"0":{"start":{"line":7,"column":28},"end":{"line":9,"column":1}},"1":{"start":{"line":8,"column":2},"end":{"line":8,"column":16}},"2":{"start":{"line":11,"column":27},"end":{"line":13,"column":1}},"3":{"start":{"line":12,"column":2},"end":{"line":12,"column":31}},"4":{"start":{"line":15,"column":30},"end":{"line":18,"column":1}},"5":{"start":{"line":16,"column":2},"end":{"line":16,"column":93}},"6":{"start":{"line":17,"column":2},"end":{"line":17,"column":18}},"7":{"start":{"line":20,"column":28},"end":{"line":22,"column":1}},"8":{"start":{"line":21,"column":2},"end":{"line":21,"column":31}},"9":{"start":{"line":24,"column":20},"end":{"line":39,"column":1}},"10":{"start":{"line":25,"column":2},"end":{"line":36,"column":3}},"11":{"start":{"line":26,"column":4},"end":{"line":35,"column":7}},"12":{"start":{"line":38,"column":2},"end":{"line":38,"column":28}},"13":{"start":{"line":41,"column":19},"end":{"line":44,"column":1}},"14":{"start":{"line":42,"column":19},"end":{"line":42,"column":38}},"15":{"start":{"line":43,"column":2},"end":{"line":43,"column":36}},"16":{"start":{"line":46,"column":20},"end":{"line":46,"column":85}},"17":{"start":{"line":46,"column":47},"end":{"line":46,"column":85}},"18":{"start":{"line":47,"column":19},"end":{"line":47,"column":83}},"19":{"start":{"line":47,"column":46},"end":{"line":47,"column":83}},"20":{"start":{"line":48,"column":19},"end":{"line":48,"column":55}},"21":{"start":{"line":48,"column":32},"end":{"line":48,"column":55}}},"fnMap":{"0":{"name":"(anonymous_0)","decl":{"start":{"line":7,"column":28},"end":{"line":7,"column":29}},"loc":{"start":{"line":7,"column":38},"end":{"line":9,"column":1}},"line":7},"1":{"name":"(anonymous_1)","decl":{"start":{"line":11,"column":27},"end":{"line":11,"column":28}},"loc":{"start":{"line":11,"column":36},"end":{"line":13,"column":1}},"line":11},"2":{"name":"(anonymous_2)","decl":{"start":{"line":15,"column":30},"end":{"line":15,"column":31}},"loc":{"start":{"line":15,"column":42},"end":{"line":18,"column":1}},"line":15},"3":{"name":"(anonymous_3)","decl":{"start":{"line":20,"column":28},"end":{"line":20,"column":29}},"loc":{"start":{"line":20,"column":37},"end":{"line":22,"column":1}},"line":20},"4":{"name":"(anonymous_4)","decl":{"start":{"line":24,"column":20},"end":{"line":24,"column":21}},"loc":{"start":{"line":24,"column":32},"end":{"line":39,"column":1}},"line":24},"5":{"name":"(anonymous_5)","decl":{"start":{"line":41,"column":19},"end":{"line":41,"column":20}},"loc":{"start":{"line":41,"column":46},"end":{"line":44,"column":1}},"line":41},"6":{"name":"(anonymous_6)","decl":{"start":{"line":46,"column":20},"end":{"line":46,"column":21}},"loc":{"start":{"line":46,"column":47},"end":{"line":46,"column":85}},"line":46},"7":{"name":"(anonymous_7)","decl":{"start":{"line":47,"column":19},"end":{"line":47,"column":20}},"loc":{"start":{"line":47,"column":46},"end":{"line":47,"column":83}},"line":47},"8":{"name":"(anonymous_8)","decl":{"start":{"line":48,"column":19},"end":{"line":48,"column":20}},"loc":{"start":{"line":48,"column":32},"end":{"line":48,"column":55}},"line":48}},"branchMap":{"0":{"loc":{"start":{"line":16,"column":35},"end":{"line":16,"column":92}},"type":"cond-expr","locations":[{"start":{"line":16,"column":55},"end":{"line":16,"column":59}},{"start":{"line":16,"column":62},"end":{"line":16,"column":92}}],"line":16},"1":{"loc":{"start":{"line":25,"column":2},"end":{"line":36,"column":3}},"type":"if","locations":[{"start":{"line":25,"column":2},"end":{"line":36,"column":3}},{"start":{},"end":{}}],"line":25}},"s":{"0":2,"1":0,"2":2,"3":0,"4":2,"5":0,"6":0,"7":2,"8":0,"9":2,"10":0,"11":0,"12":0,"13":2,"14":0,"15":0,"16":2,"17":0,"18":2,"19":0,"20":2,"21":0},"f":{"0":0,"1":0,"2":0,"3":0,"4":0,"5":0,"6":0,"7":0,"8":0},"b":{"0":[0,0],"1":[0,0]},"_coverageSchema":"1a1c01bbd47fc00a2c39e90264f33305004495a9","hash":"98a33784ade8ecae2ebd23a8b1be7761a7ad901f"}
,"C:\\DEV\\clientconnect\\2022\\rik-react-boilerplate\\src\\assets\\images\\pt.svg": {"path":"C:\\DEV\\clientconnect\\2022\\rik-react-boilerplate\\src\\assets\\images\\pt.svg","statementMap":{"0":{"start":{"line":1,"column":0},"end":{"line":13,"column":8}},"1":{"start":{"line":4,"column":36},"end":{"line":12,"column":9}}},"fnMap":{"0":{"name":"(anonymous_0)","decl":{"start":{"line":4,"column":24},"end":{"line":4,"column":25}},"loc":{"start":{"line":4,"column":36},"end":{"line":12,"column":9}},"line":4}},"branchMap":{},"s":{"0":1,"1":0},"f":{"0":0},"b":{},"inputSourceMap":null,"_coverageSchema":"1a1c01bbd47fc00a2c39e90264f33305004495a9","hash":"c94163bd91e291d0c701f849eb5337cb9e3c4a22"}
,"C:\\DEV\\clientconnect\\2022\\rik-react-boilerplate\\src\\assets\\images\\us.svg": {"path":"C:\\DEV\\clientconnect\\2022\\rik-react-boilerplate\\src\\assets\\images\\us.svg","statementMap":{"0":{"start":{"line":1,"column":0},"end":{"line":13,"column":8}},"1":{"start":{"line":4,"column":36},"end":{"line":12,"column":9}}},"fnMap":{"0":{"name":"(anonymous_0)","decl":{"start":{"line":4,"column":24},"end":{"line":4,"column":25}},"loc":{"start":{"line":4,"column":36},"end":{"line":12,"column":9}},"line":4}},"branchMap":{},"s":{"0":1,"1":0},"f":{"0":0},"b":{},"inputSourceMap":null,"_coverageSchema":"1a1c01bbd47fc00a2c39e90264f33305004495a9","hash":"0668e4678b8fabc9f2ef8bdea7b0e6f1b9280167"}
,"C:\\DEV\\clientconnect\\2022\\rik-react-boilerplate\\src\\components\\Header\\LanguageSelector\\LanguageSelector.js": {"path":"C:\\DEV\\clientconnect\\2022\\rik-react-boilerplate\\src\\components\\Header\\LanguageSelector\\LanguageSelector.js","statementMap":{"0":{"start":{"line":15,"column":25},"end":{"line":15,"column":58}},"1":{"start":{"line":17,"column":25},"end":{"line":73,"column":1}},"2":{"start":{"line":19,"column":19},"end":{"line":19,"column":35}},"3":{"start":{"line":22,"column":34},"end":{"line":22,"column":66}},"4":{"start":{"line":23,"column":34},"end":{"line":23,"column":54}},"5":{"start":{"line":26,"column":15},"end":{"line":26,"column":32}},"6":{"start":{"line":28,"column":22},"end":{"line":30,"column":3}},"7":{"start":{"line":29,"column":4},"end":{"line":29,"column":22}},"8":{"start":{"line":32,"column":28},"end":{"line":34,"column":3}},"9":{"start":{"line":33,"column":4},"end":{"line":33,"column":37}},"10":{"start":{"line":36,"column":30},"end":{"line":41,"column":3}},"11":{"start":{"line":36,"column":38},"end":{"line":41,"column":3}},"12":{"start":{"line":37,"column":25},"end":{"line":37,"column":47}},"13":{"start":{"line":38,"column":4},"end":{"line":38,"column":30}},"14":{"start":{"line":39,"column":4},"end":{"line":39,"column":35}},"15":{"start":{"line":40,"column":4},"end":{"line":40,"column":18}},"16":{"start":{"line":44,"column":2},"end":{"line":72,"column":4}},"17":{"start":{"line":57,"column":10},"end":{"line":68,"column":12}}},"fnMap":{"0":{"name":"(anonymous_0)","decl":{"start":{"line":17,"column":25},"end":{"line":17,"column":26}},"loc":{"start":{"line":17,"column":31},"end":{"line":73,"column":1}},"line":17},"1":{"name":"(anonymous_1)","decl":{"start":{"line":28,"column":22},"end":{"line":28,"column":23}},"loc":{"start":{"line":28,"column":28},"end":{"line":30,"column":3}},"line":28},"2":{"name":"(anonymous_2)","decl":{"start":{"line":32,"column":28},"end":{"line":32,"column":29}},"loc":{"start":{"line":32,"column":37},"end":{"line":34,"column":3}},"line":32},"3":{"name":"(anonymous_3)","decl":{"start":{"line":36,"column":30},"end":{"line":36,"column":31}},"loc":{"start":{"line":36,"column":38},"end":{"line":41,"column":3}},"line":36},"4":{"name":"(anonymous_4)","decl":{"start":{"line":36,"column":38},"end":{"line":36,"column":39}},"loc":{"start":{"line":36,"column":44},"end":{"line":41,"column":3}},"line":36},"5":{"name":"(anonymous_5)","decl":{"start":{"line":56,"column":23},"end":{"line":56,"column":24}},"loc":{"start":{"line":56,"column":35},"end":{"line":69,"column":9}},"line":56}},"branchMap":{"0":{"loc":{"start":{"line":50,"column":23},"end":{"line":50,"column":48}},"type":"cond-expr","locations":[{"start":{"line":50,"column":30},"end":{"line":50,"column":36}},{"start":{"line":50,"column":39},"end":{"line":50,"column":48}}],"line":50}},"s":{"0":1,"1":1,"2":4,"3":4,"4":4,"5":4,"6":4,"7":0,"8":4,"9":2,"10":4,"11":8,"12":0,"13":0,"14":0,"15":0,"16":4,"17":8},"f":{"0":4,"1":0,"2":2,"3":8,"4":0,"5":8},"b":{"0":[1,3]},"_coverageSchema":"1a1c01bbd47fc00a2c39e90264f33305004495a9","hash":"13e84701e827999eb98c3b65a125decc1591e591"}
,"C:\\DEV\\clientconnect\\2022\\rik-react-boilerplate\\src\\components\\Header\\LanguageSelector\\FlagIcon\\FlagIcon.js": {"path":"C:\\DEV\\clientconnect\\2022\\rik-react-boilerplate\\src\\components\\Header\\LanguageSelector\\FlagIcon\\FlagIcon.js","statementMap":{"0":{"start":{"line":7,"column":17},"end":{"line":18,"column":1}},"1":{"start":{"line":9,"column":18},"end":{"line":9,"column":42}},"2":{"start":{"line":12,"column":32},"end":{"line":12,"column":40}},"3":{"start":{"line":13,"column":2},"end":{"line":15,"column":3}},"4":{"start":{"line":14,"column":4},"end":{"line":14,"column":53}},"5":{"start":{"line":17,"column":2},"end":{"line":17,"column":77}},"6":{"start":{"line":20,"column":0},"end":{"line":20,"column":44}},"7":{"start":{"line":21,"column":0},"end":{"line":21,"column":38}}},"fnMap":{"0":{"name":"(anonymous_0)","decl":{"start":{"line":7,"column":17},"end":{"line":7,"column":18}},"loc":{"start":{"line":7,"column":35},"end":{"line":18,"column":1}},"line":7}},"branchMap":{"0":{"loc":{"start":{"line":13,"column":2},"end":{"line":15,"column":3}},"type":"if","locations":[{"start":{"line":13,"column":2},"end":{"line":15,"column":3}},{"start":{},"end":{}}],"line":13},"1":{"loc":{"start":{"line":13,"column":6},"end":{"line":13,"column":30}},"type":"binary-expr","locations":[{"start":{"line":13,"column":6},"end":{"line":13,"column":11}},{"start":{"line":13,"column":15},"end":{"line":13,"column":20}},{"start":{"line":13,"column":24},"end":{"line":13,"column":30}}],"line":13}},"s":{"0":1,"1":6,"2":6,"3":6,"4":4,"5":2,"6":1,"7":1},"f":{"0":6},"b":{"0":[4,2],"1":[6,2,2]},"_coverageSchema":"1a1c01bbd47fc00a2c39e90264f33305004495a9","hash":"8e46e82a3ea8b842982649a2ce56669ade2a01d8"}
,"C:\\DEV\\clientconnect\\2022\\rik-react-boilerplate\\src\\components\\Header\\LanguageSelector\\FlagIcon\\FlagIcon.shape.js": {"path":"C:\\DEV\\clientconnect\\2022\\rik-react-boilerplate\\src\\components\\Header\\LanguageSelector\\FlagIcon\\FlagIcon.shape.js","statementMap":{"0":{"start":{"line":3,"column":28},"end":{"line":9,"column":1}},"1":{"start":{"line":11,"column":25},"end":{"line":17,"column":1}}},"fnMap":{},"branchMap":{},"s":{"0":1,"1":1},"f":{},"b":{},"_coverageSchema":"1a1c01bbd47fc00a2c39e90264f33305004495a9","hash":"03872f38d16030cb339618eda3fd9897e9e62a11"}
,"C:\\DEV\\clientconnect\\2022\\rik-react-boilerplate\\src\\components\\Header\\LanguageSelector\\FlagIcon\\FlagIcon.styles.js": {"path":"C:\\DEV\\clientconnect\\2022\\rik-react-boilerplate\\src\\components\\Header\\LanguageSelector\\FlagIcon\\FlagIcon.styles.js","statementMap":{"0":{"start":{"line":3,"column":31},"end":{"line":9,"column":2}}},"fnMap":{},"branchMap":{},"s":{"0":1},"f":{},"b":{},"_coverageSchema":"1a1c01bbd47fc00a2c39e90264f33305004495a9","hash":"eedc0c47e390fd706f470ee906e18fe8c5775abd"}
,"C:\\DEV\\clientconnect\\2022\\rik-react-boilerplate\\src\\components\\Header\\ThemeSelector\\ThemeSelector.js": {"path":"C:\\DEV\\clientconnect\\2022\\rik-react-boilerplate\\src\\components\\Header\\ThemeSelector\\ThemeSelector.js","statementMap":{"0":{"start":{"line":10,"column":22},"end":{"line":33,"column":1}},"1":{"start":{"line":12,"column":16},"end":{"line":12,"column":26}},"2":{"start":{"line":15,"column":37},"end":{"line":15,"column":71}},"3":{"start":{"line":18,"column":17},"end":{"line":18,"column":43}},"4":{"start":{"line":20,"column":28},"end":{"line":22,"column":3}},"5":{"start":{"line":21,"column":4},"end":{"line":21,"column":46}},"6":{"start":{"line":25,"column":22},"end":{"line":25,"column":72}},"7":{"start":{"line":26,"column":16},"end":{"line":26,"column":93}},"8":{"start":{"line":28,"column":2},"end":{"line":32,"column":4}}},"fnMap":{"0":{"name":"(anonymous_0)","decl":{"start":{"line":10,"column":22},"end":{"line":10,"column":23}},"loc":{"start":{"line":10,"column":28},"end":{"line":33,"column":1}},"line":10},"1":{"name":"(anonymous_1)","decl":{"start":{"line":20,"column":28},"end":{"line":20,"column":29}},"loc":{"start":{"line":20,"column":34},"end":{"line":22,"column":3}},"line":20}},"branchMap":{"0":{"loc":{"start":{"line":21,"column":13},"end":{"line":21,"column":44}},"type":"cond-expr","locations":[{"start":{"line":21,"column":22},"end":{"line":21,"column":32}},{"start":{"line":21,"column":35},"end":{"line":21,"column":44}}],"line":21},"1":{"loc":{"start":{"line":25,"column":22},"end":{"line":25,"column":72}},"type":"cond-expr","locations":[{"start":{"line":25,"column":31},"end":{"line":25,"column":50}},{"start":{"line":25,"column":53},"end":{"line":25,"column":72}}],"line":25},"2":{"loc":{"start":{"line":26,"column":16},"end":{"line":26,"column":93}},"type":"cond-expr","locations":[{"start":{"line":26,"column":25},"end":{"line":26,"column":58}},{"start":{"line":26,"column":61},"end":{"line":26,"column":93}}],"line":26}},"s":{"0":1,"1":0,"2":0,"3":0,"4":0,"5":0,"6":0,"7":0,"8":0},"f":{"0":0,"1":0},"b":{"0":[0,0],"1":[0,0],"2":[0,0]},"_coverageSchema":"1a1c01bbd47fc00a2c39e90264f33305004495a9","hash":"fbec5e227edb8011a31416c8a4e481e0b5ebd23a"}
,"C:\\DEV\\clientconnect\\2022\\rik-react-boilerplate\\src\\config\\api.js": {"path":"C:\\DEV\\clientconnect\\2022\\rik-react-boilerplate\\src\\config\\api.js","statementMap":{"0":{"start":{"line":1,"column":21},"end":{"line":1,"column":25}},"1":{"start":{"line":2,"column":17},"end":{"line":2,"column":53}},"2":{"start":{"line":3,"column":18},"end":{"line":3,"column":74}},"3":{"start":{"line":5,"column":42},"end":{"line":5,"column":92}},"4":{"start":{"line":6,"column":42},"end":{"line":6,"column":54}},"5":{"start":{"line":8,"column":38},"end":{"line":8,"column":52}},"6":{"start":{"line":9,"column":38},"end":{"line":9,"column":50}},"7":{"start":{"line":11,"column":20},"end":{"line":11,"column":44}}},"fnMap":{},"branchMap":{},"s":{"0":2,"1":2,"2":2,"3":2,"4":2,"5":2,"6":2,"7":2},"f":{},"b":{},"_coverageSchema":"1a1c01bbd47fc00a2c39e90264f33305004495a9","hash":"7c88dcc0daa1f0d18f3b4a8768e0e4756afe9861"}
,"C:\\DEV\\clientconnect\\2022\\rik-react-boilerplate\\src\\config\\theme.js": {"path":"C:\\DEV\\clientconnect\\2022\\rik-react-boilerplate\\src\\config\\theme.js","statementMap":{"0":{"start":{"line":1,"column":26},"end":{"line":1,"column":33}},"1":{"start":{"line":2,"column":25},"end":{"line":2,"column":31}},"2":{"start":{"line":3,"column":28},"end":{"line":3,"column":38}}},"fnMap":{},"branchMap":{},"s":{"0":1,"1":1,"2":1},"f":{},"b":{},"_coverageSchema":"1a1c01bbd47fc00a2c39e90264f33305004495a9","hash":"215184c212f2c58acb26dac7c7a2f64dd43b503a"}
,"C:\\DEV\\clientconnect\\2022\\rik-react-boilerplate\\src\\providers\\AppProvider.js": {"path":"C:\\DEV\\clientconnect\\2022\\rik-react-boilerplate\\src\\providers\\AppProvider.js","statementMap":{"0":{"start":{"line":14,"column":20},"end":{"line":30,"column":1}},"1":{"start":{"line":16,"column":2},"end":{"line":29,"column":4}},"2":{"start":{"line":20,"column":80},"end":{"line":20,"column":89}},"3":{"start":{"line":32,"column":0},"end":{"line":32,"column":47}},"4":{"start":{"line":33,"column":0},"end":{"line":33,"column":41}}},"fnMap":{"0":{"name":"(anonymous_0)","decl":{"start":{"line":14,"column":20},"end":{"line":14,"column":21}},"loc":{"start":{"line":14,"column":38},"end":{"line":30,"column":1}},"line":14},"1":{"name":"(anonymous_1)","decl":{"start":{"line":20,"column":74},"end":{"line":20,"column":75}},"loc":{"start":{"line":20,"column":80},"end":{"line":20,"column":89}},"line":20}},"branchMap":{},"s":{"0":1,"1":1,"2":0,"3":1,"4":1},"f":{"0":1,"1":0},"b":{},"_coverageSchema":"1a1c01bbd47fc00a2c39e90264f33305004495a9","hash":"9c1e19ef5cc2ec43ceee54810163c33c8adfcf99"}
,"C:\\DEV\\clientconnect\\2022\\rik-react-boilerplate\\src\\providers\\AppProvider.shape.js": {"path":"C:\\DEV\\clientconnect\\2022\\rik-react-boilerplate\\src\\providers\\AppProvider.shape.js","statementMap":{"0":{"start":{"line":4,"column":28},"end":{"line":6,"column":1}},"1":{"start":{"line":8,"column":25},"end":{"line":10,"column":1}}},"fnMap":{},"branchMap":{},"s":{"0":1,"1":1},"f":{},"b":{},"_coverageSchema":"1a1c01bbd47fc00a2c39e90264f33305004495a9","hash":"13e9e656dc42eb5bd35942f926f4e183595147b0"}
,"C:\\DEV\\clientconnect\\2022\\rik-react-boilerplate\\src\\providers\\ErrorBoundary\\ErrorBoundaryFallback.js": {"path":"C:\\DEV\\clientconnect\\2022\\rik-react-boilerplate\\src\\providers\\ErrorBoundary\\ErrorBoundaryFallback.js","statementMap":{"0":{"start":{"line":7,"column":22},"end":{"line":21,"column":1}},"1":{"start":{"line":9,"column":18},"end":{"line":9,"column":47}},"2":{"start":{"line":12,"column":2},"end":{"line":20,"column":4}},"3":{"start":{"line":23,"column":0},"end":{"line":23,"column":49}},"4":{"start":{"line":24,"column":0},"end":{"line":24,"column":43}}},"fnMap":{"0":{"name":"(anonymous_0)","decl":{"start":{"line":7,"column":22},"end":{"line":7,"column":23}},"loc":{"start":{"line":7,"column":49},"end":{"line":21,"column":1}},"line":7}},"branchMap":{},"s":{"0":2,"1":3,"2":3,"3":2,"4":2},"f":{"0":3},"b":{},"_coverageSchema":"1a1c01bbd47fc00a2c39e90264f33305004495a9","hash":"12903aea4ab0ef1b5e8c41d9a3e4ef89afefc175"}
,"C:\\DEV\\clientconnect\\2022\\rik-react-boilerplate\\src\\providers\\ErrorBoundary\\ErrorBoundaryFallback.shape.js": {"path":"C:\\DEV\\clientconnect\\2022\\rik-react-boilerplate\\src\\providers\\ErrorBoundary\\ErrorBoundaryFallback.shape.js","statementMap":{"0":{"start":{"line":3,"column":28},"end":{"line":8,"column":1}},"1":{"start":{"line":10,"column":25},"end":{"line":13,"column":1}}},"fnMap":{"0":{"name":"(anonymous_0)","decl":{"start":{"line":5,"column":14},"end":{"line":5,"column":15}},"loc":{"start":{"line":5,"column":20},"end":{"line":7,"column":3}},"line":5}},"branchMap":{},"s":{"0":2,"1":2},"f":{"0":0},"b":{},"_coverageSchema":"1a1c01bbd47fc00a2c39e90264f33305004495a9","hash":"18b25b4c85b1f2711e23341b57242dae28ba7f70"}
,"C:\\DEV\\clientconnect\\2022\\rik-react-boilerplate\\src\\providers\\ErrorBoundary\\ErrorBoundaryFallback.styles.js": {"path":"C:\\DEV\\clientconnect\\2022\\rik-react-boilerplate\\src\\providers\\ErrorBoundary\\ErrorBoundaryFallback.styles.js","statementMap":{"0":{"start":{"line":3,"column":36},"end":{"line":14,"column":2}},"1":{"start":{"line":4,"column":20},"end":{"line":4,"column":33}},"2":{"start":{"line":5,"column":2},"end":{"line":13,"column":4}}},"fnMap":{"0":{"name":"(anonymous_0)","decl":{"start":{"line":3,"column":47},"end":{"line":3,"column":48}},"loc":{"start":{"line":3,"column":56},"end":{"line":14,"column":1}},"line":3}},"branchMap":{},"s":{"0":1,"1":0,"2":0},"f":{"0":0},"b":{},"_coverageSchema":"1a1c01bbd47fc00a2c39e90264f33305004495a9","hash":"ac4ea42831eadac6c9ba5dcc21ceaf6ee36722db"}
,"C:\\DEV\\clientconnect\\2022\\rik-react-boilerplate\\src\\providers\\ErrorBoundary\\index.js": {"path":"C:\\DEV\\clientconnect\\2022\\rik-react-boilerplate\\src\\providers\\ErrorBoundary\\index.js","statementMap":{},"fnMap":{},"branchMap":{},"s":{},"f":{},"b":{},"_coverageSchema":"1a1c01bbd47fc00a2c39e90264f33305004495a9","hash":"83ae78cb5a8544777ce78401ccff11838d8f7e97"}
,"C:\\DEV\\clientconnect\\2022\\rik-react-boilerplate\\src\\providers\\Suspense\\SuspenseFallback.js": {"path":"C:\\DEV\\clientconnect\\2022\\rik-react-boilerplate\\src\\providers\\Suspense\\SuspenseFallback.js","statementMap":{"0":{"start":{"line":4,"column":25},"end":{"line":4,"column":97}},"1":{"start":{"line":4,"column":31},"end":{"line":4,"column":97}}},"fnMap":{"0":{"name":"(anonymous_0)","decl":{"start":{"line":4,"column":25},"end":{"line":4,"column":26}},"loc":{"start":{"line":4,"column":31},"end":{"line":4,"column":97}},"line":4}},"branchMap":{},"s":{"0":2,"1":2},"f":{"0":2},"b":{},"_coverageSchema":"1a1c01bbd47fc00a2c39e90264f33305004495a9","hash":"6d41ac53172781cb740809c3f578ad065ed8727f"}
,"C:\\DEV\\clientconnect\\2022\\rik-react-boilerplate\\src\\providers\\Suspense\\index.js": {"path":"C:\\DEV\\clientconnect\\2022\\rik-react-boilerplate\\src\\providers\\Suspense\\index.js","statementMap":{},"fnMap":{},"branchMap":{},"s":{},"f":{},"b":{},"_coverageSchema":"1a1c01bbd47fc00a2c39e90264f33305004495a9","hash":"3ab42d16537ef881d78a3acfbe1670216b22e839"}
,"C:\\DEV\\clientconnect\\2022\\rik-react-boilerplate\\src\\providers\\Theme\\CustomThemeProvider.js": {"path":"C:\\DEV\\clientconnect\\2022\\rik-react-boilerplate\\src\\providers\\Theme\\CustomThemeProvider.js","statementMap":{"0":{"start":{"line":9,"column":32},"end":{"line":12,"column":2}},"1":{"start":{"line":14,"column":28},"end":{"line":40,"column":1}},"2":{"start":{"line":16,"column":23},"end":{"line":16,"column":69}},"3":{"start":{"line":17,"column":37},"end":{"line":17,"column":59}},"4":{"start":{"line":20,"column":16},"end":{"line":20,"column":35}},"5":{"start":{"line":21,"column":23},"end":{"line":24,"column":3}},"6":{"start":{"line":22,"column":4},"end":{"line":22,"column":43}},"7":{"start":{"line":23,"column":4},"end":{"line":23,"column":24}},"8":{"start":{"line":26,"column":23},"end":{"line":29,"column":3}},"9":{"start":{"line":33,"column":2},"end":{"line":33,"column":53}},"10":{"start":{"line":35,"column":2},"end":{"line":39,"column":4}},"11":{"start":{"line":42,"column":0},"end":{"line":42,"column":55}},"12":{"start":{"line":43,"column":0},"end":{"line":43,"column":49}}},"fnMap":{"0":{"name":"(anonymous_0)","decl":{"start":{"line":14,"column":28},"end":{"line":14,"column":29}},"loc":{"start":{"line":14,"column":46},"end":{"line":40,"column":1}},"line":14},"1":{"name":"(anonymous_1)","decl":{"start":{"line":21,"column":23},"end":{"line":21,"column":24}},"loc":{"start":{"line":21,"column":31},"end":{"line":24,"column":3}},"line":21}},"branchMap":{"0":{"loc":{"start":{"line":16,"column":23},"end":{"line":16,"column":69}},"type":"binary-expr","locations":[{"start":{"line":16,"column":23},"end":{"line":16,"column":55}},{"start":{"line":16,"column":59},"end":{"line":16,"column":69}}],"line":16},"1":{"loc":{"start":{"line":33,"column":23},"end":{"line":33,"column":42}},"type":"binary-expr","locations":[{"start":{"line":33,"column":23},"end":{"line":33,"column":28}},{"start":{"line":33,"column":32},"end":{"line":33,"column":42}}],"line":33},"2":{"loc":{"start":{"line":37,"column":28},"end":{"line":37,"column":39}},"type":"binary-expr","locations":[{"start":{"line":37,"column":28},"end":{"line":37,"column":33}},{"start":{"line":37,"column":37},"end":{"line":37,"column":39}}],"line":37}},"s":{"0":3,"1":3,"2":3,"3":3,"4":3,"5":3,"6":0,"7":0,"8":3,"9":3,"10":3,"11":3,"12":3},"f":{"0":3,"1":0},"b":{"0":[3,3],"1":[3,0],"2":[3,3]},"_coverageSchema":"1a1c01bbd47fc00a2c39e90264f33305004495a9","hash":"32b9064f4819383a1f0262c774991cf61981e21e"}
,"C:\\DEV\\clientconnect\\2022\\rik-react-boilerplate\\src\\providers\\Theme\\CustomThemeProvider.shape.js": {"path":"C:\\DEV\\clientconnect\\2022\\rik-react-boilerplate\\src\\providers\\Theme\\CustomThemeProvider.shape.js","statementMap":{"0":{"start":{"line":4,"column":28},"end":{"line":6,"column":1}},"1":{"start":{"line":8,"column":25},"end":{"line":10,"column":1}}},"fnMap":{},"branchMap":{},"s":{"0":3,"1":3},"f":{},"b":{},"_coverageSchema":"1a1c01bbd47fc00a2c39e90264f33305004495a9","hash":"2a80e6946e9a3891bf0d379a16c21b6253881493"}
,"C:\\DEV\\clientconnect\\2022\\rik-react-boilerplate\\src\\providers\\Theme\\base.js": {"path":"C:\\DEV\\clientconnect\\2022\\rik-react-boilerplate\\src\\providers\\Theme\\base.js","statementMap":{"0":{"start":{"line":4,"column":15},"end":{"line":4,"column":30}},"1":{"start":{"line":6,"column":24},"end":{"line":8,"column":1}},"2":{"start":{"line":7,"column":2},"end":{"line":7,"column":27}}},"fnMap":{"0":{"name":"(anonymous_0)","decl":{"start":{"line":6,"column":24},"end":{"line":6,"column":25}},"loc":{"start":{"line":6,"column":37},"end":{"line":8,"column":1}},"line":6}},"branchMap":{},"s":{"0":3,"1":3,"2":4},"f":{"0":4},"b":{},"_coverageSchema":"1a1c01bbd47fc00a2c39e90264f33305004495a9","hash":"16213c18341eb67e9f52b0b69b85c0d97cc2782b"}
,"C:\\DEV\\clientconnect\\2022\\rik-react-boilerplate\\src\\providers\\Theme\\dark\\index.js": {"path":"C:\\DEV\\clientconnect\\2022\\rik-react-boilerplate\\src\\providers\\Theme\\dark\\index.js","statementMap":{},"fnMap":{},"branchMap":{},"s":{},"f":{},"b":{},"_coverageSchema":"1a1c01bbd47fc00a2c39e90264f33305004495a9","hash":"36405b44453059bf70344890a6da6e860abe4762"}
,"C:\\DEV\\clientconnect\\2022\\rik-react-boilerplate\\src\\providers\\Theme\\dark\\theme.js": {"path":"C:\\DEV\\clientconnect\\2022\\rik-react-boilerplate\\src\\providers\\Theme\\dark\\theme.js","statementMap":{"0":{"start":{"line":8,"column":13},"end":{"line":8,"column":19}},"1":{"start":{"line":10,"column":14},"end":{"line":15,"column":2}}},"fnMap":{},"branchMap":{},"s":{"0":3,"1":3},"f":{},"b":{},"_coverageSchema":"1a1c01bbd47fc00a2c39e90264f33305004495a9","hash":"b0d34f5985925b96659e3eb2fc6fd68e56243128"}
,"C:\\DEV\\clientconnect\\2022\\rik-react-boilerplate\\src\\providers\\Theme\\dark\\config\\breakpoints.js": {"path":"C:\\DEV\\clientconnect\\2022\\rik-react-boilerplate\\src\\providers\\Theme\\dark\\config\\breakpoints.js","statementMap":{"0":{"start":{"line":1,"column":20},"end":{"line":1,"column":69}},"1":{"start":{"line":3,"column":22},"end":{"line":10,"column":1}},"2":{"start":{"line":12,"column":27},"end":{"line":12,"column":43}}},"fnMap":{},"branchMap":{},"s":{"0":3,"1":3,"2":3},"f":{},"b":{},"_coverageSchema":"1a1c01bbd47fc00a2c39e90264f33305004495a9","hash":"a5a404c6128af71b45683dd2796335fe298378f1"}
,"C:\\DEV\\clientconnect\\2022\\rik-react-boilerplate\\src\\providers\\Theme\\dark\\config\\palette.js": {"path":"C:\\DEV\\clientconnect\\2022\\rik-react-boilerplate\\src\\providers\\Theme\\dark\\config\\palette.js","statementMap":{"0":{"start":{"line":1,"column":29},"end":{"line":5,"column":1}},"1":{"start":{"line":7,"column":20},"end":{"line":11,"column":1}},"2":{"start":{"line":13,"column":22},"end":{"line":24,"column":1}},"3":{"start":{"line":26,"column":22},"end":{"line":47,"column":1}},"4":{"start":{"line":49,"column":21},"end":{"line":51,"column":1}},"5":{"start":{"line":53,"column":20},"end":{"line":57,"column":1}},"6":{"start":{"line":59,"column":23},"end":{"line":66,"column":1}}},"fnMap":{},"branchMap":{},"s":{"0":3,"1":3,"2":3,"3":3,"4":3,"5":3,"6":3},"f":{},"b":{},"_coverageSchema":"1a1c01bbd47fc00a2c39e90264f33305004495a9","hash":"1e1621e0f9b12ce69595ec4340b0ab4a47b04201"}
,"C:\\DEV\\clientconnect\\2022\\rik-react-boilerplate\\src\\providers\\Theme\\dark\\config\\typography.js": {"path":"C:\\DEV\\clientconnect\\2022\\rik-react-boilerplate\\src\\providers\\Theme\\dark\\config\\typography.js","statementMap":{"0":{"start":{"line":1,"column":27},"end":{"line":1,"column":72}},"1":{"start":{"line":2,"column":20},"end":{"line":2,"column":58}},"2":{"start":{"line":4,"column":21},"end":{"line":45,"column":1}},"3":{"start":{"line":47,"column":26},"end":{"line":47,"column":31}}},"fnMap":{},"branchMap":{},"s":{"0":3,"1":3,"2":3,"3":3},"f":{},"b":{},"_coverageSchema":"1a1c01bbd47fc00a2c39e90264f33305004495a9","hash":"3642ebb70a25b17e2dc59d0e714c7833c0cf1f1c"}
,"C:\\DEV\\clientconnect\\2022\\rik-react-boilerplate\\src\\providers\\Theme\\light\\index.js": {"path":"C:\\DEV\\clientconnect\\2022\\rik-react-boilerplate\\src\\providers\\Theme\\light\\index.js","statementMap":{},"fnMap":{},"branchMap":{},"s":{},"f":{},"b":{},"_coverageSchema":"1a1c01bbd47fc00a2c39e90264f33305004495a9","hash":"3f6542f763e3686d2cbbe1ca60f1d45efd64c672"}
,"C:\\DEV\\clientconnect\\2022\\rik-react-boilerplate\\src\\providers\\Theme\\light\\theme.js": {"path":"C:\\DEV\\clientconnect\\2022\\rik-react-boilerplate\\src\\providers\\Theme\\light\\theme.js","statementMap":{"0":{"start":{"line":8,"column":13},"end":{"line":8,"column":20}},"1":{"start":{"line":10,"column":14},"end":{"line":15,"column":2}}},"fnMap":{},"branchMap":{},"s":{"0":3,"1":3},"f":{},"b":{},"_coverageSchema":"1a1c01bbd47fc00a2c39e90264f33305004495a9","hash":"4db982e7f59d0f77f8f085884631804566ea8d8c"}
,"C:\\DEV\\clientconnect\\2022\\rik-react-boilerplate\\src\\providers\\Theme\\light\\config\\breakpoints.js": {"path":"C:\\DEV\\clientconnect\\2022\\rik-react-boilerplate\\src\\providers\\Theme\\light\\config\\breakpoints.js","statementMap":{"0":{"start":{"line":1,"column":20},"end":{"line":1,"column":69}},"1":{"start":{"line":3,"column":22},"end":{"line":10,"column":1}},"2":{"start":{"line":12,"column":27},"end":{"line":12,"column":43}}},"fnMap":{},"branchMap":{},"s":{"0":3,"1":3,"2":3},"f":{},"b":{},"_coverageSchema":"1a1c01bbd47fc00a2c39e90264f33305004495a9","hash":"836973606ca5992f06b754e809ea2ad59c836881"}
,"C:\\DEV\\clientconnect\\2022\\rik-react-boilerplate\\src\\providers\\Theme\\light\\config\\palette.js": {"path":"C:\\DEV\\clientconnect\\2022\\rik-react-boilerplate\\src\\providers\\Theme\\light\\config\\palette.js","statementMap":{"0":{"start":{"line":1,"column":29},"end":{"line":5,"column":1}},"1":{"start":{"line":7,"column":20},"end":{"line":11,"column":1}},"2":{"start":{"line":13,"column":22},"end":{"line":24,"column":1}},"3":{"start":{"line":26,"column":22},"end":{"line":47,"column":1}},"4":{"start":{"line":49,"column":21},"end":{"line":51,"column":1}},"5":{"start":{"line":53,"column":20},"end":{"line":57,"column":1}},"6":{"start":{"line":59,"column":23},"end":{"line":66,"column":1}}},"fnMap":{},"branchMap":{},"s":{"0":3,"1":3,"2":3,"3":3,"4":3,"5":3,"6":3},"f":{},"b":{},"_coverageSchema":"1a1c01bbd47fc00a2c39e90264f33305004495a9","hash":"5d0f87ce16025a6c1b9747e4319f75d4f40b960a"}
,"C:\\DEV\\clientconnect\\2022\\rik-react-boilerplate\\src\\providers\\Theme\\light\\config\\typography.js": {"path":"C:\\DEV\\clientconnect\\2022\\rik-react-boilerplate\\src\\providers\\Theme\\light\\config\\typography.js","statementMap":{"0":{"start":{"line":1,"column":27},"end":{"line":1,"column":72}},"1":{"start":{"line":2,"column":20},"end":{"line":2,"column":58}},"2":{"start":{"line":4,"column":21},"end":{"line":45,"column":1}},"3":{"start":{"line":47,"column":26},"end":{"line":47,"column":31}}},"fnMap":{},"branchMap":{},"s":{"0":3,"1":3,"2":3,"3":3},"f":{},"b":{},"_coverageSchema":"1a1c01bbd47fc00a2c39e90264f33305004495a9","hash":"a29af33ce88d0637f3c44d298b2ec49f7f2b74db"}
,"C:\\DEV\\clientconnect\\2022\\rik-react-boilerplate\\src\\services\\boot\\appService.js": {"path":"C:\\DEV\\clientconnect\\2022\\rik-react-boilerplate\\src\\services\\boot\\appService.js","statementMap":{"0":{"start":{"line":3,"column":26},"end":{"line":7,"column":1}},"1":{"start":{"line":4,"column":19},"end":{"line":4,"column":56}},"2":{"start":{"line":6,"column":2},"end":{"line":6,"column":28}},"3":{"start":{"line":9,"column":27},"end":{"line":9,"column":67}},"4":{"start":{"line":9,"column":33},"end":{"line":9,"column":67}}},"fnMap":{"0":{"name":"(anonymous_0)","decl":{"start":{"line":3,"column":26},"end":{"line":3,"column":27}},"loc":{"start":{"line":3,"column":38},"end":{"line":7,"column":1}},"line":3},"1":{"name":"(anonymous_1)","decl":{"start":{"line":9,"column":27},"end":{"line":9,"column":28}},"loc":{"start":{"line":9,"column":33},"end":{"line":9,"column":67}},"line":9}},"branchMap":{},"s":{"0":2,"1":0,"2":0,"3":2,"4":1},"f":{"0":0,"1":1},"b":{},"_coverageSchema":"1a1c01bbd47fc00a2c39e90264f33305004495a9","hash":"3e7a072281e0c842c739472e6f8f88e7186d0a42"}
,"C:\\DEV\\clientconnect\\2022\\rik-react-boilerplate\\src\\services\\boot\\appSlice.js": {"path":"C:\\DEV\\clientconnect\\2022\\rik-react-boilerplate\\src\\services\\boot\\appSlice.js","statementMap":{"0":{"start":{"line":5,"column":28},"end":{"line":20,"column":1}},"1":{"start":{"line":22,"column":35},"end":{"line":22,"column":94}},"2":{"start":{"line":24,"column":17},"end":{"line":24,"column":19}},"3":{"start":{"line":26,"column":22},"end":{"line":56,"column":1}},"4":{"start":{"line":28,"column":4},"end":{"line":28,"column":34}},"5":{"start":{"line":29,"column":4},"end":{"line":29,"column":29}},"6":{"start":{"line":33,"column":4},"end":{"line":47,"column":5}},"7":{"start":{"line":34,"column":6},"end":{"line":34,"column":34}},"8":{"start":{"line":36,"column":6},"end":{"line":36,"column":38}},"9":{"start":{"line":37,"column":6},"end":{"line":37,"column":36}},"10":{"start":{"line":38,"column":6},"end":{"line":38,"column":64}},"11":{"start":{"line":39,"column":6},"end":{"line":39,"column":48}},"12":{"start":{"line":40,"column":6},"end":{"line":40,"column":72}},"13":{"start":{"line":41,"column":6},"end":{"line":41,"column":40}},"14":{"start":{"line":42,"column":6},"end":{"line":42,"column":46}},"15":{"start":{"line":43,"column":6},"end":{"line":43,"column":40}},"16":{"start":{"line":44,"column":6},"end":{"line":44,"column":60}},"17":{"start":{"line":45,"column":6},"end":{"line":45,"column":42}},"18":{"start":{"line":46,"column":6},"end":{"line":46,"column":40}},"19":{"start":{"line":51,"column":4},"end":{"line":54,"column":5}},"20":{"start":{"line":52,"column":6},"end":{"line":52,"column":32}},"21":{"start":{"line":53,"column":6},"end":{"line":53,"column":43}},"22":{"start":{"line":58,"column":20},"end":{"line":63,"column":2}}},"fnMap":{"0":{"name":"(anonymous_0)","decl":{"start":{"line":27,"column":33},"end":{"line":27,"column":34}},"loc":{"start":{"line":27,"column":54},"end":{"line":30,"column":3}},"line":27},"1":{"name":"(anonymous_1)","decl":{"start":{"line":32,"column":35},"end":{"line":32,"column":36}},"loc":{"start":{"line":32,"column":65},"end":{"line":48,"column":3}},"line":32},"2":{"name":"(anonymous_2)","decl":{"start":{"line":50,"column":34},"end":{"line":50,"column":35}},"loc":{"start":{"line":50,"column":62},"end":{"line":55,"column":3}},"line":50}},"branchMap":{"0":{"loc":{"start":{"line":33,"column":4},"end":{"line":47,"column":5}},"type":"if","locations":[{"start":{"line":33,"column":4},"end":{"line":47,"column":5}},{"start":{},"end":{}}],"line":33},"1":{"loc":{"start":{"line":51,"column":4},"end":{"line":54,"column":5}},"type":"if","locations":[{"start":{"line":51,"column":4},"end":{"line":54,"column":5}},{"start":{},"end":{}}],"line":51},"2":{"loc":{"start":{"line":53,"column":20},"end":{"line":53,"column":42}},"type":"binary-expr","locations":[{"start":{"line":53,"column":20},"end":{"line":53,"column":25}},{"start":{"line":53,"column":29},"end":{"line":53,"column":42}}],"line":53}},"s":{"0":1,"1":1,"2":1,"3":1,"4":0,"5":0,"6":0,"7":0,"8":0,"9":0,"10":0,"11":0,"12":0,"13":0,"14":0,"15":0,"16":0,"17":0,"18":0,"19":0,"20":0,"21":0,"22":1},"f":{"0":0,"1":0,"2":0},"b":{"0":[0,0],"1":[0,0],"2":[0,0]},"_coverageSchema":"1a1c01bbd47fc00a2c39e90264f33305004495a9","hash":"267636b0001a592ad40078222b29c3bd89a822b4"}
,"C:\\DEV\\clientconnect\\2022\\rik-react-boilerplate\\src\\services\\http\\axios.js": {"path":"C:\\DEV\\clientconnect\\2022\\rik-react-boilerplate\\src\\services\\http\\axios.js","statementMap":{"0":{"start":{"line":5,"column":28},"end":{"line":11,"column":1}},"1":{"start":{"line":6,"column":2},"end":{"line":8,"column":3}},"2":{"start":{"line":7,"column":4},"end":{"line":7,"column":54}},"3":{"start":{"line":10,"column":2},"end":{"line":10,"column":44}},"4":{"start":{"line":13,"column":12},"end":{"line":15,"column":1}},"5":{"start":{"line":14,"column":2},"end":{"line":14,"column":40}},"6":{"start":{"line":17,"column":13},"end":{"line":19,"column":1}},"7":{"start":{"line":18,"column":2},"end":{"line":18,"column":47}},"8":{"start":{"line":21,"column":12},"end":{"line":23,"column":1}},"9":{"start":{"line":22,"column":2},"end":{"line":22,"column":46}},"10":{"start":{"line":25,"column":12},"end":{"line":27,"column":1}},"11":{"start":{"line":26,"column":2},"end":{"line":26,"column":35}},"12":{"start":{"line":29,"column":23},"end":{"line":37,"column":1}},"13":{"start":{"line":30,"column":19},"end":{"line":30,"column":66}},"14":{"start":{"line":31,"column":74},"end":{"line":31,"column":82}},"15":{"start":{"line":33,"column":2},"end":{"line":33,"column":65}},"16":{"start":{"line":34,"column":2},"end":{"line":34,"column":69}},"17":{"start":{"line":36,"column":2},"end":{"line":36,"column":18}}},"fnMap":{"0":{"name":"(anonymous_0)","decl":{"start":{"line":5,"column":28},"end":{"line":5,"column":29}},"loc":{"start":{"line":5,"column":60},"end":{"line":11,"column":1}},"line":5},"1":{"name":"(anonymous_1)","decl":{"start":{"line":13,"column":12},"end":{"line":13,"column":13}},"loc":{"start":{"line":13,"column":51},"end":{"line":15,"column":1}},"line":13},"2":{"name":"(anonymous_2)","decl":{"start":{"line":17,"column":13},"end":{"line":17,"column":14}},"loc":{"start":{"line":17,"column":65},"end":{"line":19,"column":1}},"line":17},"3":{"name":"(anonymous_3)","decl":{"start":{"line":21,"column":12},"end":{"line":21,"column":13}},"loc":{"start":{"line":21,"column":64},"end":{"line":23,"column":1}},"line":21},"4":{"name":"(anonymous_4)","decl":{"start":{"line":25,"column":12},"end":{"line":25,"column":13}},"loc":{"start":{"line":25,"column":36},"end":{"line":27,"column":1}},"line":25},"5":{"name":"(anonymous_5)","decl":{"start":{"line":29,"column":23},"end":{"line":29,"column":24}},"loc":{"start":{"line":29,"column":65},"end":{"line":37,"column":1}},"line":29}},"branchMap":{"0":{"loc":{"start":{"line":6,"column":2},"end":{"line":8,"column":3}},"type":"if","locations":[{"start":{"line":6,"column":2},"end":{"line":8,"column":3}},{"start":{},"end":{}}],"line":6},"1":{"loc":{"start":{"line":13,"column":33},"end":{"line":13,"column":46}},"type":"default-arg","locations":[{"start":{"line":13,"column":42},"end":{"line":13,"column":46}}],"line":13},"2":{"loc":{"start":{"line":17,"column":34},"end":{"line":17,"column":45}},"type":"default-arg","locations":[{"start":{"line":17,"column":41},"end":{"line":17,"column":45}}],"line":17},"3":{"loc":{"start":{"line":17,"column":47},"end":{"line":17,"column":60}},"type":"default-arg","locations":[{"start":{"line":17,"column":56},"end":{"line":17,"column":60}}],"line":17},"4":{"loc":{"start":{"line":21,"column":33},"end":{"line":21,"column":44}},"type":"default-arg","locations":[{"start":{"line":21,"column":40},"end":{"line":21,"column":44}}],"line":21},"5":{"loc":{"start":{"line":21,"column":46},"end":{"line":21,"column":59}},"type":"default-arg","locations":[{"start":{"line":21,"column":55},"end":{"line":21,"column":59}}],"line":21}},"s":{"0":2,"1":0,"2":0,"3":0,"4":2,"5":0,"6":2,"7":0,"8":2,"9":0,"10":2,"11":0,"12":2,"13":0,"14":0,"15":0,"16":0,"17":0},"f":{"0":0,"1":0,"2":0,"3":0,"4":0,"5":0},"b":{"0":[0,0],"1":[0],"2":[0],"3":[0],"4":[0],"5":[0]},"_coverageSchema":"1a1c01bbd47fc00a2c39e90264f33305004495a9","hash":"80cb89ad3858be3a752ebdd6fdd24d1c73f96b8a"}
,"C:\\DEV\\clientconnect\\2022\\rik-react-boilerplate\\src\\services\\i18n\\languages.js": {"path":"C:\\DEV\\clientconnect\\2022\\rik-react-boilerplate\\src\\services\\i18n\\languages.js","statementMap":{"0":{"start":{"line":4,"column":25},"end":{"line":7,"column":1}},"1":{"start":{"line":9,"column":27},"end":{"line":9,"column":85}},"2":{"start":{"line":9,"column":35},"end":{"line":9,"column":85}},"3":{"start":{"line":9,"column":62},"end":{"line":9,"column":84}}},"fnMap":{"0":{"name":"(anonymous_0)","decl":{"start":{"line":9,"column":27},"end":{"line":9,"column":28}},"loc":{"start":{"line":9,"column":35},"end":{"line":9,"column":85}},"line":9},"1":{"name":"(anonymous_1)","decl":{"start":{"line":9,"column":50},"end":{"line":9,"column":51}},"loc":{"start":{"line":9,"column":62},"end":{"line":9,"column":84}},"line":9}},"branchMap":{},"s":{"0":1,"1":1,"2":1,"3":2},"f":{"0":1,"1":2},"b":{},"_coverageSchema":"1a1c01bbd47fc00a2c39e90264f33305004495a9","hash":"4e2edc1ddc30e38c957239f78ce574cf82302c0d"}
,"C:\\DEV\\clientconnect\\2022\\rik-react-boilerplate\\src\\store\\index.js": {"path":"C:\\DEV\\clientconnect\\2022\\rik-react-boilerplate\\src\\store\\index.js","statementMap":{},"fnMap":{},"branchMap":{},"s":{},"f":{},"b":{},"_coverageSchema":"1a1c01bbd47fc00a2c39e90264f33305004495a9","hash":"591c2ab9af2ad054286597f06f7dbe48ffe29f69"}
,"C:\\DEV\\clientconnect\\2022\\rik-react-boilerplate\\src\\store\\store.js": {"path":"C:\\DEV\\clientconnect\\2022\\rik-react-boilerplate\\src\\store\\store.js","statementMap":{"0":{"start":{"line":5,"column":14},"end":{"line":9,"column":2}}},"fnMap":{},"branchMap":{},"s":{"0":1},"f":{},"b":{},"_coverageSchema":"1a1c01bbd47fc00a2c39e90264f33305004495a9","hash":"0cdfac6a5af979cd6fc74a011ee7d6ffa0d446c4"}
,"C:\\DEV\\clientconnect\\2022\\rik-react-boilerplate\\src\\tests\\utils\\provideTheme.js": {"path":"C:\\DEV\\clientconnect\\2022\\rik-react-boilerplate\\src\\tests\\utils\\provideTheme.js","statementMap":{"0":{"start":{"line":7,"column":14},"end":{"line":7,"column":34}},"1":{"start":{"line":9,"column":21},"end":{"line":11,"column":1}},"2":{"start":{"line":10,"column":2},"end":{"line":10,"column":65}}},"fnMap":{"0":{"name":"(anonymous_0)","decl":{"start":{"line":9,"column":21},"end":{"line":9,"column":22}},"loc":{"start":{"line":9,"column":33},"end":{"line":11,"column":1}},"line":9}},"branchMap":{},"s":{"0":1,"1":1,"2":0},"f":{"0":0},"b":{},"_coverageSchema":"1a1c01bbd47fc00a2c39e90264f33305004495a9","hash":"76c4646f993c130b16a6b5fbe286cfa76c636b84"}
,"C:\\DEV\\clientconnect\\2022\\rik-react-boilerplate\\src\\utils\\build.js": {"path":"C:\\DEV\\clientconnect\\2022\\rik-react-boilerplate\\src\\utils\\build.js","statementMap":{"0":{"start":{"line":1,"column":20},"end":{"line":1,"column":40}},"1":{"start":{"line":2,"column":26},"end":{"line":2,"column":55}},"2":{"start":{"line":3,"column":25},"end":{"line":3,"column":53}},"3":{"start":{"line":4,"column":22},"end":{"line":4,"column":44}},"4":{"start":{"line":6,"column":22},"end":{"line":6,"column":105}}},"fnMap":{},"branchMap":{"0":{"loc":{"start":{"line":6,"column":22},"end":{"line":6,"column":105}},"type":"binary-expr","locations":[{"start":{"line":6,"column":23},"end":{"line":6,"column":40}},{"start":{"line":6,"column":44},"end":{"line":6,"column":57}},{"start":{"line":6,"column":62},"end":{"line":6,"column":105}}],"line":6}},"s":{"0":2,"1":2,"2":2,"3":2,"4":2},"f":{},"b":{"0":[2,2,2]},"_coverageSchema":"1a1c01bbd47fc00a2c39e90264f33305004495a9","hash":"46400f07a0cb0c74531126cb42aea2e1e62b561b"}
}
